<?xml version="1.0" encoding="UTF-8"?>
<!-- Generated by org.testng.reporters.JUnitReportReporter -->
<testsuite hostname="VGs-MacBook-Pro.local" failures="0" tests="3" name="iOSTest.LogBPiOS" time="60.388" errors="0" timestamp="2024-08-05T16:05:23 WAT" skipped="0">
  <testcase classname="iOSTest.LogBPiOS" name="Login" time="20.258"/>
  <testcase classname="iOSTest.LogBPiOS" name="logBP" time="29.593"/>
  <testcase classname="iOSTest.LogBPiOS" name="verifyBPLog" time="10.537"/>
</testsuite> <!-- iOSTest.LogBPiOS -->
