<?xml version="1.0" encoding="UTF-8"?>
<!-- Generated by org.testng.reporters.JUnitReportReporter -->
<testsuite hostname="VGs-MacBook-Pro.local" failures="0" tests="3" name="iOSTest.LogProcedureiOS" time="70.638" errors="0" timestamp="2024-08-05T18:08:45 WAT" skipped="0">
  <testcase classname="iOSTest.LogProcedureiOS" name="Login" time="20.726"/>
  <testcase classname="iOSTest.LogProcedureiOS" name="logsymptoms" time="44.903"/>
  <testcase classname="iOSTest.LogProcedureiOS" name="ValidateProcedureLog" time="5.009"/>
</testsuite> <!-- iOSTest.LogProcedureiOS -->
