<?xml version="1.0" encoding="UTF-8"?>
<!-- Generated by org.testng.reporters.JUnitReportReporter -->
<testsuite hostname="VGs-MacBook-Pro.local" failures="0" tests="3" name="androidTest.LogSymptoms" time="38.606" errors="0" timestamp="2024-06-14T15:52:07 WAT" skipped="0">
  <testcase classname="androidTest.LogSymptoms" name="Login" time="9.185"/>
  <testcase classname="androidTest.LogSymptoms" name="logSymptom" time="26.710"/>
  <testcase classname="androidTest.LogSymptoms" name="ValidateSymptomsLog" time="2.711"/>
</testsuite> <!-- androidTest.LogSymptoms -->
