<?xml version="1.0" encoding="UTF-8"?>
<!-- Generated by org.testng.reporters.JUnitReportReporter -->
<testsuite hostname="VGs-MacBook-Pro.local" failures="0" tests="9" name="iOSTest.LogSymptomsiOS" time="53.489" errors="0" timestamp="2024-08-05T19:28:19 WAT" skipped="0">
  <testcase classname="iOSTest.LogSymptomsiOS" name="Login" time="20.493"/>
  <testcase classname="iOSTest.LogSymptomsiOS" name="logsymptoms" time="5.586"/>
  <testcase classname="iOSTest.LogSymptomsiOS" name="symptomsSeverity" time="5.546"/>
  <testcase classname="iOSTest.LogSymptomsiOS" name="symptomsDescription" time="2.165"/>
  <testcase classname="iOSTest.LogSymptomsiOS" name="Frequency" time="2.510"/>
  <testcase classname="iOSTest.LogSymptomsiOS" name="Triggers" time="2.401"/>
  <testcase classname="iOSTest.LogSymptomsiOS" name="alleviatingFactors" time="2.530"/>
  <testcase classname="iOSTest.LogSymptomsiOS" name="setDateAndTime" time="11.731"/>
  <testcase classname="iOSTest.LogSymptomsiOS" name="ValidateProcedureLog" time="0.527"/>
</testsuite> <!-- iOSTest.LogSymptomsiOS -->
