<?xml version="1.0" encoding="UTF-8"?>
<!-- Generated by org.testng.reporters.JUnitReportReporter -->
<testsuite hostname="VGs-MacBook-Pro.local" failures="0" tests="1" name="iOSTest.AddMedication" time="10.677" errors="0" timestamp="2024-06-24T22:06:49 WAT" skipped="0">
  <testcase classname="iOSTest.AddMedication" name="Login" time="10.677"/>
</testsuite> <!-- iOSTest.AddMedication -->
