<?xml version="1.0" encoding="UTF-8"?>
<!-- Generated by org.testng.reporters.JUnitReportReporter -->
<testsuite hostname="VGs-MacBook-Pro.local" failures="0" tests="5" name="androidTest.SleepTrackerPageObjectFactory" time="36.946" errors="0" timestamp="2024-07-23T15:54:57 WAT" skipped="0">
  <testcase classname="androidTest.SleepTrackerPageObjectFactory" name="Login" time="11.731"/>
  <testcase classname="androidTest.SleepTrackerPageObjectFactory" name="ValidateInitialAverageSleepValue" time="8.523"/>
  <testcase classname="androidTest.SleepTrackerPageObjectFactory" name="LogSleep" time="9.318"/>
  <testcase classname="androidTest.SleepTrackerPageObjectFactory" name="VerifySleepLog" time="7.303"/>
  <testcase classname="androidTest.SleepTrackerPageObjectFactory" name="ValidateAverageSleepTrackerFunctionality" time="0.071"/>
</testsuite> <!-- androidTest.SleepTrackerPageObjectFactory -->
