<?xml version="1.0" encoding="UTF-8"?>
<!-- Generated by org.testng.reporters.JUnitReportReporter -->
<testsuite hostname="VGs-MacBook-Pro.local" failures="0" tests="7" name="iOSTest.LogSleep" time="55.015" errors="0" timestamp="2024-08-05T20:15:00 WAT" skipped="0">
  <testcase classname="iOSTest.LogSleep" name="Login" time="21.501"/>
  <testcase classname="iOSTest.LogSleep" name="startLoggingSleep" time="9.104"/>
  <testcase classname="iOSTest.LogSleep" name="addSleepTime" time="12.284"/>
  <testcase classname="iOSTest.LogSleep" name="sleepQuality" time="5.408"/>
  <testcase classname="iOSTest.LogSleep" name="recordSleep" time="5.680"/>
  <testcase classname="iOSTest.LogSleep" name="validateSleepLog" time="0.593"/>
  <testcase classname="iOSTest.LogSleep" name="backToHomescreen" time="0.445"/>
</testsuite> <!-- iOSTest.LogSleep -->
