<?xml version="1.0" encoding="UTF-8"?>
<!-- Generated by org.testng.reporters.JUnitReportReporter -->
<testsuite hostname="VGs-MacBook-Pro.local" failures="0" tests="11" name="iOSTest.recommendationSteps" time="70.229" errors="0" timestamp="2024-08-06T12:27:37 WAT" skipped="0">
  <testcase classname="iOSTest.recommendationSteps" name="Login" time="19.761"/>
  <testcase classname="iOSTest.recommendationSteps" name="initiateRecommendation" time="6.389"/>
  <testcase classname="iOSTest.recommendationSteps" name="accessmentQuestion1" time="0.808"/>
  <testcase classname="iOSTest.recommendationSteps" name="accessmentQuestion2" time="0.786"/>
  <testcase classname="iOSTest.recommendationSteps" name="accessmentQuestion3" time="8.400"/>
  <testcase classname="iOSTest.recommendationSteps" name="accessmentQuestion4" time="3.385"/>
  <testcase classname="iOSTest.recommendationSteps" name="scrollUpAndContinue" time="6.821"/>
  <testcase classname="iOSTest.recommendationSteps" name="accessmentQuestion5" time="8.756"/>
  <testcase classname="iOSTest.recommendationSteps" name="accessmentQuestion6" time="7.093"/>
  <testcase classname="iOSTest.recommendationSteps" name="deleteAccount" time="7.773"/>
  <testcase classname="iOSTest.recommendationSteps" name="verifyDeleteAccount" time="0.257"/>
</testsuite> <!-- iOSTest.recommendationSteps -->
