<?xml version="1.0" encoding="UTF-8"?>
<!-- Generated by org.testng.reporters.JUnitReportReporter -->
<testsuite hostname="VGs-MacBook-Pro.local" failures="0" tests="6" name="iOSTest.iOS_Onboarding" time="102.123" errors="0" timestamp="2024-08-05T16:08:14 WAT" skipped="0">
  <testcase classname="iOSTest.iOS_Onboarding" name="clickForwardButton" time="15.830"/>
  <testcase classname="iOSTest.iOS_Onboarding" name="fillSignupForm" time="15.226"/>
  <testcase classname="iOSTest.iOS_Onboarding" name="enterOTP" time="14.333"/>
  <testcase classname="iOSTest.iOS_Onboarding" name="takeOnboardingAssessment" time="48.522"/>
  <testcase classname="iOSTest.iOS_Onboarding" name="verifyDeleteAccount" time="0.238"/>
  <testcase classname="iOSTest.iOS_Onboarding" name="deleteAccount" time="7.974"/>
</testsuite> <!-- iOSTest.iOS_Onboarding -->
