<?xml version="1.0" encoding="UTF-8"?>
<!-- Generated by org.testng.reporters.JUnitReportReporter -->
<testsuite hostname="VGs-MacBook-Pro.local" failures="0" tests="4" name="androidTest.addBloodPressure" time="42.840" errors="0" timestamp="2024-06-19T14:16:37 WAT" skipped="0">
  <testcase classname="androidTest.addBloodPressure" name="Login" time="9.766"/>
  <testcase classname="androidTest.addBloodPressure" name="setInitialAverageBP" time="8.215"/>
  <testcase classname="androidTest.addBloodPressure" name="logBP" time="18.985"/>
  <testcase classname="androidTest.addBloodPressure" name="verifyBPLog" time="5.874"/>
</testsuite> <!-- androidTest.addBloodPressure -->
