<?xml version="1.0" encoding="UTF-8"?>
<!-- Generated by org.testng.reporters.JUnitReportReporter -->
<testsuite hostname="VGs-MacBook-Pro.local" failures="0" tests="4" name="androidTest.AddHeartRate" time="36.915" errors="0" timestamp="2024-06-19T14:02:14 WAT" skipped="1">
  <testcase classname="androidTest.AddHeartRate" name="Login" time="8.992"/>
  <testcase classname="androidTest.AddHeartRate" name="logHeartRate" time="21.233"/>
  <testcase classname="androidTest.AddHeartRate" name="verifyHeartRateLog" time="6.690"/>
  <testcase classname="androidTest.AddHeartRate" name="VerifyAverageHeartRateChange">
    <skipped/>
  </testcase> <!-- VerifyAverageHeartRateChange -->
</testsuite> <!-- androidTest.AddHeartRate -->
