<?xml version="1.0" encoding="UTF-8"?>
<!-- Generated by org.testng.reporters.JUnitReportReporter -->
<testsuite hostname="VGs-MacBook-Pro.local" failures="0" tests="3" name="iOSTest.log_HeartRate_iOS" time="56.559" errors="0" timestamp="2024-08-05T16:12:28 WAT" skipped="0">
  <testcase classname="iOSTest.log_HeartRate_iOS" name="Login" time="20.387"/>
  <testcase classname="iOSTest.log_HeartRate_iOS" name="logHeartRate" time="25.182"/>
  <testcase classname="iOSTest.log_HeartRate_iOS" name="verifyBPLog" time="10.990"/>
</testsuite> <!-- iOSTest.log_HeartRate_iOS -->
